0 info it worked if it ends with ok
1 verbose cli [ '/home/student/.nvm/versions/node/v7.7.0/bin/node',
1 verbose cli   '/home/student/.nvm/versions/node/v7.7.0/bin/npm',
1 verbose cli   'run',
1 verbose cli   'coverage' ]
2 info using npm@4.1.2
3 info using node@v7.7.0
4 verbose run-script [ 'precoverage', 'coverage', 'postcoverage' ]
5 info lifecycle wordcloud-test@0.0.0~precoverage: wordcloud-test@0.0.0
6 silly lifecycle wordcloud-test@0.0.0~precoverage: no script for precoverage, continuing
7 info lifecycle wordcloud-test@0.0.0~coverage: wordcloud-test@0.0.0
8 verbose lifecycle wordcloud-test@0.0.0~coverage: unsafe-perm in lifecycle true
9 verbose lifecycle wordcloud-test@0.0.0~coverage: PATH: /home/student/.nvm/versions/node/v7.7.0/lib/node_modules/npm/bin/node-gyp-bin:/home/student/Desktop/WordCloud18/wordcloud-test/node_modules/.bin:/home/student/.nvm/versions/node/v7.7.0/bin:/home/student/bin:/home/student/.local/bin:/usr/local/sbin:/usr/local/bin:/usr/sbin:/usr/bin:/sbin:/bin:/usr/games:/usr/local/games:/snap/bin
10 verbose lifecycle wordcloud-test@0.0.0~coverage: CWD: /home/student/Desktop/WordCloud18/wordcloud-test
11 silly lifecycle wordcloud-test@0.0.0~coverage: Args: [ '-c', 'istanbul cover rocha test/app-test.js' ]
12 silly lifecycle wordcloud-test@0.0.0~coverage: Returned: code: 1  signal: null
13 info lifecycle wordcloud-test@0.0.0~coverage: Failed to exec coverage script
14 verbose stack Error: wordcloud-test@0.0.0 coverage: `istanbul cover rocha test/app-test.js`
14 verbose stack Exit status 1
14 verbose stack     at EventEmitter.<anonymous> (/home/student/.nvm/versions/node/v7.7.0/lib/node_modules/npm/lib/utils/lifecycle.js:279:16)
14 verbose stack     at emitTwo (events.js:106:13)
14 verbose stack     at EventEmitter.emit (events.js:194:7)
14 verbose stack     at ChildProcess.<anonymous> (/home/student/.nvm/versions/node/v7.7.0/lib/node_modules/npm/lib/utils/spawn.js:40:14)
14 verbose stack     at emitTwo (events.js:106:13)
14 verbose stack     at ChildProcess.emit (events.js:194:7)
14 verbose stack     at maybeClose (internal/child_process.js:899:16)
14 verbose stack     at Process.ChildProcess._handle.onexit (internal/child_process.js:226:5)
15 verbose pkgid wordcloud-test@0.0.0
16 verbose cwd /home/student/Desktop/WordCloud18/wordcloud-test/myapp
17 error Linux 4.8.0-41-generic
18 error argv "/home/student/.nvm/versions/node/v7.7.0/bin/node" "/home/student/.nvm/versions/node/v7.7.0/bin/npm" "run" "coverage"
19 error node v7.7.0
20 error npm  v4.1.2
21 error code ELIFECYCLE
22 error wordcloud-test@0.0.0 coverage: `istanbul cover rocha test/app-test.js`
22 error Exit status 1
23 error Failed at the wordcloud-test@0.0.0 coverage script 'istanbul cover rocha test/app-test.js'.
23 error Make sure you have the latest version of node.js and npm installed.
23 error If you do, this is most likely a problem with the wordcloud-test package,
23 error not with npm itself.
23 error Tell the author that this fails on your system:
23 error     istanbul cover rocha test/app-test.js
23 error You can get information on how to open an issue for this project with:
23 error     npm bugs wordcloud-test
23 error Or if that isn't available, you can get their info via:
23 error     npm owner ls wordcloud-test
23 error There is likely additional logging output above.
24 verbose exit [ 1, true ]
